0 info it worked if it ends with ok
1 verbose cli [ '/usr/local/bin/node', '/usr/local/bin/npm', 'start' ]
2 info using npm@3.10.9
3 info using node@v6.9.2
4 verbose run-script [ 'prestart', 'start', 'poststart' ]
5 info lifecycle DrugsRUs@1.0.0~prestart: DrugsRUs@1.0.0
6 silly lifecycle DrugsRUs@1.0.0~prestart: no script for prestart, continuing
7 info lifecycle DrugsRUs@1.0.0~start: DrugsRUs@1.0.0
8 verbose lifecycle DrugsRUs@1.0.0~start: unsafe-perm in lifecycle true
9 verbose lifecycle DrugsRUs@1.0.0~start: PATH: /usr/local/lib/node_modules/npm/bin/node-gyp-bin:/Users/MarkBui/Berkeley/DrugsRUs/node_modules/.bin:/Users/MarkBui/.rbenv/shims:/Users/MarkBui/.rbenv/bin:/Users/MarkBui/.rbenv/bin:/Users/MarkBui/.rbenv/bin:/Users/MarkBui/.rbenv/bin:/usr/local/bin:/usr/bin:/bin:/usr/sbin:/sbin:/Users/MarkBui/bin
10 verbose lifecycle DrugsRUs@1.0.0~start: CWD: /Users/MarkBui/Berkeley/DrugsRUs
11 silly lifecycle DrugsRUs@1.0.0~start: Args: [ '-c', 'node server.js' ]
12 silly lifecycle DrugsRUs@1.0.0~start: Returned: code: 1  signal: null
13 info lifecycle DrugsRUs@1.0.0~start: Failed to exec start script
14 verbose stack Error: DrugsRUs@1.0.0 start: `node server.js`
14 verbose stack Exit status 1
14 verbose stack     at EventEmitter.<anonymous> (/usr/local/lib/node_modules/npm/lib/utils/lifecycle.js:255:16)
14 verbose stack     at emitTwo (events.js:106:13)
14 verbose stack     at EventEmitter.emit (events.js:191:7)
14 verbose stack     at ChildProcess.<anonymous> (/usr/local/lib/node_modules/npm/lib/utils/spawn.js:40:14)
14 verbose stack     at emitTwo (events.js:106:13)
14 verbose stack     at ChildProcess.emit (events.js:191:7)
14 verbose stack     at maybeClose (internal/child_process.js:877:16)
14 verbose stack     at Process.ChildProcess._handle.onexit (internal/child_process.js:226:5)
15 verbose pkgid DrugsRUs@1.0.0
16 verbose cwd /Users/MarkBui/Berkeley/DrugsRUs
17 error Darwin 16.7.0
18 error argv "/usr/local/bin/node" "/usr/local/bin/npm" "start"
19 error node v6.9.2
20 error npm  v3.10.9
21 error code ELIFECYCLE
22 error DrugsRUs@1.0.0 start: `node server.js`
22 error Exit status 1
23 error Failed at the DrugsRUs@1.0.0 start script 'node server.js'.
23 error Make sure you have the latest version of node.js and npm installed.
23 error If you do, this is most likely a problem with the DrugsRUs package,
23 error not with npm itself.
23 error Tell the author that this fails on your system:
23 error     node server.js
23 error You can get information on how to open an issue for this project with:
23 error     npm bugs DrugsRUs
23 error Or if that isn't available, you can get their info via:
23 error     npm owner ls DrugsRUs
23 error There is likely additional logging output above.
24 verbose exit [ 1, true ]
